d:\c++ projects\cpp-serge-lansiquot\arcade\debug\vc142.pdb
d:\c++ projects\cpp-serge-lansiquot\arcade\debug\vc142.idb
d:\c++ projects\cpp-serge-lansiquot\arcade\debug\vec2d.obj
d:\c++ projects\cpp-serge-lansiquot\arcade\debug\utils.obj
d:\c++ projects\cpp-serge-lansiquot\arcade\debug\screenbuffer.obj
d:\c++ projects\cpp-serge-lansiquot\arcade\debug\screen.obj
d:\c++ projects\cpp-serge-lansiquot\arcade\debug\line2d.obj
d:\c++ projects\cpp-serge-lansiquot\arcade\debug\color.obj
d:\c++ projects\cpp-serge-lansiquot\arcade\debug\arcade.obj
d:\c++ projects\cpp-serge-lansiquot\arcade\debug\triangle.obj
d:\c++ projects\cpp-serge-lansiquot\arcade\debug\shape.obj
d:\c++ projects\cpp-serge-lansiquot\arcade\debug\aarectangle.obj
d:\c++ projects\cpp-serge-lansiquot\arcade\debug\circle.obj
d:\c++ projects\cpp-serge-lansiquot\arcade\debug\app.obj
d:\c++ projects\cpp-serge-lansiquot\arcade\debug\inputcontroller.obj
d:\c++ projects\cpp-serge-lansiquot\arcade\debug\gamescene.obj
d:\c++ projects\cpp-serge-lansiquot\arcade\debug\gamecontroller.obj
d:\c++ projects\cpp-serge-lansiquot\arcade\debug\filecommandloader.obj
d:\c++ projects\cpp-serge-lansiquot\arcade\debug\arcadescene.obj
d:\c++ projects\cpp-serge-lansiquot\arcade\debug\arcade.exe
d:\c++ projects\cpp-serge-lansiquot\arcade\debug\arcade.ilk
d:\c++ projects\cpp-serge-lansiquot\arcade\debug\arcade.pdb
d:\c++ projects\cpp-serge-lansiquot\arcade\debug\arcade.tlog\cl.command.1.tlog
d:\c++ projects\cpp-serge-lansiquot\arcade\debug\arcade.tlog\cl.read.1.tlog
d:\c++ projects\cpp-serge-lansiquot\arcade\debug\arcade.tlog\cl.write.1.tlog
d:\c++ projects\cpp-serge-lansiquot\arcade\debug\arcade.tlog\link.command.1.tlog
d:\c++ projects\cpp-serge-lansiquot\arcade\debug\arcade.tlog\link.read.1.tlog
d:\c++ projects\cpp-serge-lansiquot\arcade\debug\arcade.tlog\link.write.1.tlog
